2023-01-20 11:05:35 [main] INFO  com.zaxxer.hikari.HikariDataSource- HikariPool-1 - Starting...
2023-01-20 11:05:36 [main] INFO  com.zaxxer.hikari.pool.HikariPool- HikariPool-1 - Added connection com.mysql.cj.jdbc.ConnectionImpl@7ed7ae
2023-01-20 11:05:36 [main] INFO  com.zaxxer.hikari.HikariDataSource- HikariPool-1 - Start completed.
2023-01-20 11:05:36 [main] INFO  com.sulzhenko.listeners.ContextListener- ApplicationContext is set
2023-01-20 11:05:54 [http-nio-8080-exec-3] INFO  com.sulzhenko.controller.command.LoginCommand- user log in: Aeneas
2023-01-20 11:06:11 [http-nio-8080-exec-7] INFO  com.sulzhenko.controller.command.LogoutCommand- user log out: Aeneas
2023-01-20 11:11:48 [main] INFO  com.zaxxer.hikari.HikariDataSource- HikariPool-1 - Starting...
2023-01-20 11:11:49 [main] INFO  com.zaxxer.hikari.pool.HikariPool- HikariPool-1 - Added connection com.mysql.cj.jdbc.ConnectionImpl@726a8729
2023-01-20 11:11:49 [main] INFO  com.zaxxer.hikari.HikariDataSource- HikariPool-1 - Start completed.
2023-01-20 11:11:49 [main] INFO  com.sulzhenko.listeners.ContextListener- ApplicationContext is set
2023-01-20 11:12:01 [http-nio-8080-exec-1] INFO  com.sulzhenko.controller.command.LoginCommand- user log in: Aeneas
2023-01-20 11:12:08 [http-nio-8080-exec-3] INFO  sulzhenko.model.services.implementation.UserActivityServiceImpl- SELECT 
user_activity.account as current_account,
user.login,
activity.activity_name,
time_amount,
(SELECT COUNT(*) FROM user_activity WHERE user_activity.account=current_account) as number,
(SELECT SUM(time_amount) FROM user_activity WHERE user_activity.account=current_account) as total
FROM user_activity
INNER JOIN user
ON user_activity.account=user.account
INNER JOIN activity
ON user_activity.activity_id = activity.activity_id
WHERE login = ?
ORDER BY activity_name ASC LIMIT 0, 5
2023-01-20 11:12:12 [http-nio-8080-exec-4] INFO  com.sulzhenko.controller.command.LogoutCommand- user log out: Aeneas
2023-01-20 11:28:47 [main] INFO  com.zaxxer.hikari.HikariDataSource- HikariPool-1 - Starting...
2023-01-20 11:28:49 [main] INFO  com.zaxxer.hikari.pool.HikariPool- HikariPool-1 - Added connection com.mysql.cj.jdbc.ConnectionImpl@7ed7ae
2023-01-20 11:28:49 [main] INFO  com.zaxxer.hikari.HikariDataSource- HikariPool-1 - Start completed.
2023-01-20 11:28:49 [main] INFO  com.sulzhenko.listeners.ContextListener- ApplicationContext is set
2023-01-20 11:29:00 [http-nio-8080-exec-1] INFO  com.sulzhenko.controller.command.LoginCommand- user log in: Aeneas
2023-01-20 11:29:07 [http-nio-8080-exec-4] INFO  sulzhenko.model.services.implementation.UserActivityServiceImpl- SELECT 
user_activity.account as current_account,
user.login,
activity.activity_name,
time_amount,
(SELECT COUNT(*) FROM user_activity WHERE user_activity.account=current_account) as number,
(SELECT SUM(time_amount) FROM user_activity WHERE user_activity.account=current_account) as total
FROM user_activity
INNER JOIN user
ON user_activity.account=user.account
INNER JOIN activity
ON user_activity.activity_id = activity.activity_id
WHERE login = ?
ORDER BY activity_name ASC LIMIT 0, 5
2023-01-20 11:29:13 [http-nio-8080-exec-5] INFO  sulzhenko.model.services.implementation.UserActivityServiceImpl- SELECT 
user_activity.account as current_account,
user.login,
activity.activity_name,
time_amount,
(SELECT COUNT(*) FROM user_activity WHERE user_activity.account=current_account) as number,
(SELECT SUM(time_amount) FROM user_activity WHERE user_activity.account=current_account) as total
FROM user_activity
INNER JOIN user
ON user_activity.account=user.account
INNER JOIN activity
ON user_activity.activity_id = activity.activity_id
WHERE login = ?
ORDER BY activity_name ASC LIMIT -10, 5
2023-01-20 11:29:13 [http-nio-8080-exec-5] ERROR com.sulzhenko.controller.Controller- unknown.error
2023-01-20 11:30:29 [http-nio-8080-exec-7] INFO  sulzhenko.model.services.implementation.UserActivityServiceImpl- SELECT 
user_activity.account as current_account,
user.login,
activity.activity_name,
time_amount,
(SELECT COUNT(*) FROM user_activity WHERE user_activity.account=current_account) as number,
(SELECT SUM(time_amount) FROM user_activity WHERE user_activity.account=current_account) as total
FROM user_activity
INNER JOIN user
ON user_activity.account=user.account
INNER JOIN activity
ON user_activity.activity_id = activity.activity_id
WHERE login = ?
ORDER BY activity_name ASC LIMIT 0, 5
2023-01-20 11:30:37 [http-nio-8080-exec-9] INFO  sulzhenko.model.services.implementation.UserActivityServiceImpl- SELECT 
user_activity.account as current_account,
user.login,
activity.activity_name,
time_amount,
(SELECT COUNT(*) FROM user_activity WHERE user_activity.account=current_account) as number,
(SELECT SUM(time_amount) FROM user_activity WHERE user_activity.account=current_account) as total
FROM user_activity
INNER JOIN user
ON user_activity.account=user.account
INNER JOIN activity
ON user_activity.activity_id = activity.activity_id
WHERE login = ?
ORDER BY activity_name ASC LIMIT -10, 5
2023-01-20 11:30:37 [http-nio-8080-exec-9] ERROR com.sulzhenko.controller.Controller- unknown.error
2023-01-20 11:35:48 [main] INFO  com.zaxxer.hikari.HikariDataSource- HikariPool-1 - Starting...
2023-01-20 11:35:49 [main] INFO  com.zaxxer.hikari.pool.HikariPool- HikariPool-1 - Added connection com.mysql.cj.jdbc.ConnectionImpl@53ba1175
2023-01-20 11:35:49 [main] INFO  com.zaxxer.hikari.HikariDataSource- HikariPool-1 - Start completed.
2023-01-20 11:35:49 [main] INFO  com.sulzhenko.listeners.ContextListener- ApplicationContext is set
2023-01-20 11:36:04 [http-nio-8080-exec-3] INFO  com.sulzhenko.controller.command.LoginCommand- user log in: Aeneas
2023-01-20 12:07:11 [HikariPool-1 housekeeper] WARN  com.zaxxer.hikari.pool.HikariPool- HikariPool-1 - Thread starvation or clock leap detected (housekeeper delta=27m21s853ms483µs300ns).
2023-01-20 12:19:00 [main] INFO  com.zaxxer.hikari.HikariDataSource- HikariPool-1 - Starting...
2023-01-20 12:19:01 [main] INFO  com.zaxxer.hikari.pool.HikariPool- HikariPool-1 - Added connection com.mysql.cj.jdbc.ConnectionImpl@5ef2cbe6
2023-01-20 12:19:01 [main] INFO  com.zaxxer.hikari.HikariDataSource- HikariPool-1 - Start completed.
2023-01-20 12:19:01 [main] INFO  com.sulzhenko.listeners.ContextListener- ApplicationContext is set
2023-01-20 12:19:17 [http-nio-8080-exec-4] INFO  com.sulzhenko.controller.command.LoginCommand- user log in: Aeneas
2023-01-20 12:19:32 [http-nio-8080-exec-6] INFO  com.sulzhenko.controller.command.LogoutCommand- user log out: Aeneas
2023-01-20 12:19:44 [http-nio-8080-exec-2] INFO  com.sulzhenko.controller.command.LoginCommand- user log in: admin
2023-01-20 12:20:05 [http-nio-8080-exec-2] INFO  com.sulzhenko.controller.command.LogoutCommand- user log out: admin
2023-01-20 12:20:18 [main] INFO  sulzhenko.model.DAO.implementation.ActivityDAOImpl- null
2023-01-20 12:20:18 [main] FATAL sulzhenko.model.DAO.implementation.ActivityDAOImpl- java.sql.SQLException
2023-01-20 12:20:18 [main] INFO  sulzhenko.model.DAO.implementation.ActivityDAOImpl- null
2023-01-20 12:20:18 [main] INFO  sulzhenko.model.DAO.implementation.ActivityDAOImpl- null
2023-01-20 12:20:18 [main] FATAL sulzhenko.model.DAO.implementation.ActivityDAOImpl- null
2023-01-20 12:20:18 [main] FATAL sulzhenko.model.DAO.implementation.ActivityDAOImpl- null
2023-01-20 12:20:18 [main] INFO  sulzhenko.model.DAO.implementation.ActivityDAOImpl- null
2023-01-20 12:20:18 [main] FATAL sulzhenko.model.DAO.implementation.CategoryDAOImpl- null
2023-01-20 12:20:18 [main] FATAL sulzhenko.model.DAO.implementation.CategoryDAOImpl- null
2023-01-20 12:20:18 [main] INFO  sulzhenko.model.DAO.implementation.UserDAOImpl- null
2023-01-20 12:20:18 [main] FATAL sulzhenko.model.DAO.implementation.UserDAOImpl- null
2023-01-20 12:20:18 [main] FATAL sulzhenko.model.services.implementation.UserServiceImpl- unknown exception when checking role
2023-01-20 12:20:18 [main] WARN  sulzhenko.model.services.implementation.UserServiceImpl- wrong.login
2023-01-20 12:20:18 [main] FATAL sulzhenko.model.DAO.implementation.UserDAOImpl- null
2023-01-20 12:20:18 [main] FATAL sulzhenko.model.services.implementation.UserServiceImpl- unknown exception when checking status
2023-01-20 12:20:18 [main] FATAL sulzhenko.model.DAO.implementation.UserDAOImpl- null
2023-01-20 12:20:18 [main] FATAL sulzhenko.model.DAO.implementation.UserDAOImpl- null
2023-01-20 12:20:18 [main] INFO  sulzhenko.model.DAO.implementation.UserDAOImpl- null
2023-01-20 12:20:18 [main] FATAL sulzhenko.model.services.implementation.UserServiceImpl- unknown exception when checking role
2023-01-20 12:20:18 [main] FATAL sulzhenko.model.DAO.implementation.UserDAOImpl- null
2023-01-20 12:20:19 [main] INFO  sulzhenko.model.DAO.implementation.UserDAOImpl- null
2023-01-20 12:20:19 [main] INFO  sulzhenko.model.DAO.implementation.UserDAOImpl- null
2023-01-20 12:20:19 [main] WARN  sulzhenko.model.services.implementation.UserServiceImpl- empty.login
2023-01-20 12:20:19 [main] WARN  sulzhenko.model.services.implementation.UserServiceImpl- empty.password
2023-01-20 12:20:19 [main] FATAL sulzhenko.model.DAO.implementation.UserDAOImpl- null
2023-01-20 12:20:19 [main] INFO  sulzhenko.model.DAO.implementation.CategoryDAOImpl- null
2023-01-20 12:20:19 [main] FATAL sulzhenko.model.DAO.implementation.CategoryDAOImpl- java.sql.SQLException
2023-01-20 12:20:19 [main] INFO  sulzhenko.model.DAO.implementation.CategoryDAOImpl- null
2023-01-20 12:20:19 [main] INFO  sulzhenko.model.DAO.implementation.CategoryDAOImpl- null
2023-01-20 12:20:19 [main] FATAL sulzhenko.model.DAO.implementation.CategoryDAOImpl- null
2023-01-20 12:20:19 [main] FATAL sulzhenko.model.DAO.implementation.CategoryDAOImpl- null
2023-01-20 12:20:19 [main] INFO  sulzhenko.model.DAO.implementation.CategoryDAOImpl- null
2023-01-20 12:20:19 [main] FATAL sulzhenko.model.DAO.implementation.ActivityDAOImpl- null
2023-01-20 12:20:19 [main] FATAL sulzhenko.model.DAO.implementation.ActivityDAOImpl- null
2023-01-20 12:20:19 [main] FATAL sulzhenko.model.DAO.implementation.CategoryDAOImpl- null
2023-01-20 12:20:19 [main] FATAL sulzhenko.model.DAO.implementation.ActivityDAOImpl- null
2023-01-20 12:20:19 [main] INFO  sulzhenko.model.DAO.implementation.UserDAOImpl- null
2023-01-20 12:20:19 [main] FATAL sulzhenko.model.DAO.implementation.UserDAOImpl- null
2023-01-20 12:20:19 [main] INFO  sulzhenko.model.DAO.implementation.UserDAOImpl- null
2023-01-20 12:20:19 [main] INFO  sulzhenko.model.DAO.implementation.UserDAOImpl- null
2023-01-20 12:20:19 [main] FATAL sulzhenko.model.DAO.implementation.UserDAOImpl- null
2023-01-20 12:20:19 [main] INFO  sulzhenko.model.DAO.implementation.UserDAOImpl- null
2023-01-20 12:20:19 [main] FATAL sulzhenko.model.DAO.implementation.UserDAOImpl- null
2023-01-20 12:20:19 [main] INFO  sulzhenko.model.DAO.implementation.UserDAOImpl- null
2023-01-20 12:20:19 [main] INFO  sulzhenko.model.DAO.implementation.UserDAOImpl- wrong name: new status
2023-01-20 12:20:19 [main] FATAL sulzhenko.model.DAO.implementation.UserDAOImpl- null
2023-01-20 12:20:19 [main] INFO  sulzhenko.model.DAO.implementation.UserDAOImpl- null
2023-01-20 12:20:19 [main] INFO  sulzhenko.model.DAO.implementation.UserDAOImpl- wrong status: new status
2023-01-20 12:20:19 [main] INFO  sulzhenko.model.DAO.implementation.UserDAOImpl- null
2023-01-20 12:20:19 [main] FATAL sulzhenko.model.DAO.implementation.UserDAOImpl- null
2023-01-20 12:20:19 [main] INFO  sulzhenko.model.DAO.implementation.UserDAOImpl- null
2023-01-20 12:20:19 [main] FATAL sulzhenko.model.DAO.implementation.UserActivityDAOImpl- null
2023-01-20 12:20:19 [main] INFO  sulzhenko.model.DAO.implementation.RequestDAOImpl- null
2023-01-20 12:20:19 [main] FATAL sulzhenko.model.DAO.implementation.RequestDAOImpl- null
2023-01-20 12:20:19 [main] FATAL sulzhenko.model.DAO.implementation.RequestDAOImpl- null
2023-01-20 12:20:19 [main] INFO  sulzhenko.model.DAO.implementation.RequestDAOImpl- null
2023-01-20 12:20:19 [main] FATAL sulzhenko.model.DAO.implementation.RequestDAOImpl- null
2023-01-20 12:20:19 [main] INFO  sulzhenko.model.DAO.implementation.RequestDAOImpl- null
2023-01-20 12:20:19 [main] INFO  sulzhenko.model.DAO.implementation.RequestDAOImpl- null
2023-01-20 12:20:19 [main] FATAL sulzhenko.model.DAO.implementation.RequestDAOImpl- null
2023-01-20 12:20:19 [main] INFO  sulzhenko.model.DAO.implementation.RequestDAOImpl- null
2023-01-20 12:20:19 [main] FATAL sulzhenko.model.DAO.implementation.UserDAOImpl- null
2023-01-20 12:20:19 [main] WARN  sulzhenko.model.services.implementation.RequestServiceImpl- unknown.error
2023-01-20 12:20:19 [main] INFO  com.zaxxer.hikari.HikariDataSource- HikariPool-1 - Starting...
2023-01-20 12:20:21 [main] INFO  com.zaxxer.hikari.pool.HikariPool- HikariPool-1 - Added connection com.mysql.cj.jdbc.ConnectionImpl@34f23816
2023-01-20 12:20:21 [main] INFO  com.zaxxer.hikari.HikariDataSource- HikariPool-1 - Start completed.
2023-01-20 12:20:21 [main] INFO  com.sulzhenko.listeners.ContextListener- ApplicationContext is set
2023-01-20 13:26:22 [main] INFO  sulzhenko.model.DAO.implementation.ActivityDAOImpl- null
2023-01-20 13:26:22 [main] FATAL sulzhenko.model.DAO.implementation.ActivityDAOImpl- java.sql.SQLException
2023-01-20 13:26:22 [main] INFO  sulzhenko.model.DAO.implementation.ActivityDAOImpl- null
2023-01-20 13:26:22 [main] INFO  sulzhenko.model.DAO.implementation.ActivityDAOImpl- null
2023-01-20 13:26:22 [main] FATAL sulzhenko.model.DAO.implementation.ActivityDAOImpl- null
2023-01-20 13:26:22 [main] FATAL sulzhenko.model.DAO.implementation.ActivityDAOImpl- null
2023-01-20 13:26:22 [main] INFO  sulzhenko.model.DAO.implementation.ActivityDAOImpl- null
2023-01-20 13:26:22 [main] FATAL sulzhenko.model.DAO.implementation.CategoryDAOImpl- null
2023-01-20 13:26:22 [main] FATAL sulzhenko.model.DAO.implementation.CategoryDAOImpl- null
2023-01-20 13:26:22 [main] INFO  sulzhenko.model.DAO.implementation.UserDAOImpl- null
2023-01-20 13:26:22 [main] FATAL sulzhenko.model.DAO.implementation.UserDAOImpl- null
2023-01-20 13:26:22 [main] FATAL sulzhenko.model.services.implementation.UserServiceImpl- unknown exception when checking role
2023-01-20 13:26:22 [main] WARN  sulzhenko.model.services.implementation.UserServiceImpl- wrong.login
2023-01-20 13:26:22 [main] FATAL sulzhenko.model.DAO.implementation.UserDAOImpl- null
2023-01-20 13:26:22 [main] FATAL sulzhenko.model.services.implementation.UserServiceImpl- unknown exception when checking status
2023-01-20 13:26:22 [main] FATAL sulzhenko.model.DAO.implementation.UserDAOImpl- null
2023-01-20 13:26:22 [main] FATAL sulzhenko.model.DAO.implementation.UserDAOImpl- null
2023-01-20 13:26:22 [main] INFO  sulzhenko.model.DAO.implementation.UserDAOImpl- null
2023-01-20 13:26:22 [main] FATAL sulzhenko.model.services.implementation.UserServiceImpl- unknown exception when checking role
2023-01-20 13:26:22 [main] FATAL sulzhenko.model.DAO.implementation.UserDAOImpl- null
2023-01-20 13:26:23 [main] INFO  sulzhenko.model.DAO.implementation.UserDAOImpl- null
2023-01-20 13:26:23 [main] INFO  sulzhenko.model.DAO.implementation.UserDAOImpl- null
2023-01-20 13:26:23 [main] WARN  sulzhenko.model.services.implementation.UserServiceImpl- empty.login
2023-01-20 13:26:23 [main] WARN  sulzhenko.model.services.implementation.UserServiceImpl- empty.password
2023-01-20 13:26:23 [main] FATAL sulzhenko.model.DAO.implementation.UserDAOImpl- null
2023-01-20 13:26:23 [main] INFO  sulzhenko.model.DAO.implementation.CategoryDAOImpl- null
2023-01-20 13:26:23 [main] FATAL sulzhenko.model.DAO.implementation.CategoryDAOImpl- java.sql.SQLException
2023-01-20 13:26:23 [main] INFO  sulzhenko.model.DAO.implementation.CategoryDAOImpl- null
2023-01-20 13:26:23 [main] INFO  sulzhenko.model.DAO.implementation.CategoryDAOImpl- null
2023-01-20 13:26:23 [main] FATAL sulzhenko.model.DAO.implementation.CategoryDAOImpl- null
2023-01-20 13:26:23 [main] FATAL sulzhenko.model.DAO.implementation.CategoryDAOImpl- null
2023-01-20 13:26:23 [main] INFO  sulzhenko.model.DAO.implementation.CategoryDAOImpl- null
2023-01-20 13:26:23 [main] FATAL sulzhenko.model.DAO.implementation.ActivityDAOImpl- null
2023-01-20 13:26:23 [main] FATAL sulzhenko.model.DAO.implementation.ActivityDAOImpl- null
2023-01-20 13:26:23 [main] FATAL sulzhenko.model.DAO.implementation.CategoryDAOImpl- null
2023-01-20 13:26:23 [main] FATAL sulzhenko.model.DAO.implementation.ActivityDAOImpl- null
2023-01-20 13:26:23 [main] INFO  sulzhenko.model.DAO.implementation.UserDAOImpl- null
2023-01-20 13:26:23 [main] FATAL sulzhenko.model.DAO.implementation.UserDAOImpl- null
2023-01-20 13:26:23 [main] INFO  sulzhenko.model.DAO.implementation.UserDAOImpl- null
2023-01-20 13:26:23 [main] INFO  sulzhenko.model.DAO.implementation.UserDAOImpl- null
2023-01-20 13:26:23 [main] FATAL sulzhenko.model.DAO.implementation.UserDAOImpl- null
2023-01-20 13:26:23 [main] INFO  sulzhenko.model.DAO.implementation.UserDAOImpl- null
2023-01-20 13:26:23 [main] FATAL sulzhenko.model.DAO.implementation.UserDAOImpl- null
2023-01-20 13:26:23 [main] INFO  sulzhenko.model.DAO.implementation.UserDAOImpl- null
2023-01-20 13:26:23 [main] INFO  sulzhenko.model.DAO.implementation.UserDAOImpl- wrong name: new status
2023-01-20 13:26:23 [main] FATAL sulzhenko.model.DAO.implementation.UserDAOImpl- null
2023-01-20 13:26:23 [main] INFO  sulzhenko.model.DAO.implementation.UserDAOImpl- null
2023-01-20 13:26:23 [main] INFO  sulzhenko.model.DAO.implementation.UserDAOImpl- wrong status: new status
2023-01-20 13:26:23 [main] INFO  sulzhenko.model.DAO.implementation.UserDAOImpl- null
2023-01-20 13:26:23 [main] FATAL sulzhenko.model.DAO.implementation.UserDAOImpl- null
2023-01-20 13:26:23 [main] INFO  sulzhenko.model.DAO.implementation.UserDAOImpl- null
2023-01-20 13:26:23 [main] FATAL sulzhenko.model.DAO.implementation.UserActivityDAOImpl- null
2023-01-20 13:26:23 [main] INFO  sulzhenko.model.DAO.implementation.RequestDAOImpl- null
2023-01-20 13:26:23 [main] FATAL sulzhenko.model.DAO.implementation.RequestDAOImpl- null
2023-01-20 13:26:23 [main] FATAL sulzhenko.model.DAO.implementation.RequestDAOImpl- null
2023-01-20 13:26:23 [main] INFO  sulzhenko.model.DAO.implementation.RequestDAOImpl- null
2023-01-20 13:26:23 [main] FATAL sulzhenko.model.DAO.implementation.RequestDAOImpl- null
2023-01-20 13:26:23 [main] INFO  sulzhenko.model.DAO.implementation.RequestDAOImpl- null
2023-01-20 13:26:23 [main] INFO  sulzhenko.model.DAO.implementation.RequestDAOImpl- null
2023-01-20 13:26:23 [main] FATAL sulzhenko.model.DAO.implementation.RequestDAOImpl- null
2023-01-20 13:26:23 [main] INFO  sulzhenko.model.DAO.implementation.RequestDAOImpl- null
2023-01-20 13:26:23 [main] FATAL sulzhenko.model.DAO.implementation.UserDAOImpl- null
2023-01-20 13:26:23 [main] WARN  sulzhenko.model.services.implementation.RequestServiceImpl- unknown.error
2023-01-20 13:26:23 [main] INFO  com.zaxxer.hikari.HikariDataSource- HikariPool-1 - Starting...
2023-01-20 13:26:24 [main] INFO  com.zaxxer.hikari.pool.HikariPool- HikariPool-1 - Added connection com.mysql.cj.jdbc.ConnectionImpl@30798137
2023-01-20 13:26:24 [main] INFO  com.zaxxer.hikari.HikariDataSource- HikariPool-1 - Start completed.
2023-01-20 13:26:24 [main] INFO  com.sulzhenko.listeners.ContextListener- ApplicationContext is set
